# JRE version: Java(TM) SE Runtime Environment (8.0_66-b17) (build 1.8.0_66-b17)
# Java VM: Java HotSpot(TM) Client VM (25.66-b17 mixed mode windows-x86 )
Heap:
 def new generation   total 39424K, used 4596K [0x04600000, 0x070c0000, 0x0f0a0000)
  eden space 35072K,   8% used [0x04600000, 0x048ec590, 0x06840000)
  from space 4352K,  36% used [0x06c80000, 0x06e10b60, 0x070c0000)
  to   space 4352K,   0% used [0x06840000, 0x06840000, 0x06c80000)
 tenured generation   total 87424K, used 22077K [0x0f0a0000, 0x14600000, 0x24600000)
   the space 87424K,  25% used [0x0f0a0000, 0x1062f6f0, 0x1062f800, 0x14600000)
 Metaspace       used 15647K, capacity 16059K, committed 16128K, reserved 16768K
GC Heap History (10 events):
Event: 540068.086 GC heap before
{Heap before GC invocations=49 (full 1):
 def new generation   total 39424K, used 36121K [0x04600000, 0x070c0000, 0x0f0a0000)
  eden space 35072K, 100% used [0x04600000, 0x06840000, 0x06840000)
  from space 4352K,  24% used [0x06840000, 0x06946598, 0x06c80000)
  to   space 4352K,   0% used [0x06c80000, 0x06c80000, 0x070c0000)
 tenured generation   total 87424K, used 22032K [0x0f0a0000, 0x14600000, 0x24600000)
   the space 87424K,  25% used [0x0f0a0000, 0x10624218, 0x10624400, 0x14600000)
 Metaspace       used 15637K, capacity 16056K, committed 16128K, reserved 16768K
Event: 540068.092 GC heap after
Heap after GC invocations=50 (full 1):
 def new generation   total 39424K, used 1052K [0x04600000, 0x070c0000, 0x0f0a0000)
  eden space 35072K,   0% used [0x04600000, 0x04600000, 0x06840000)
  from space 4352K,  24% used [0x06c80000, 0x06d87018, 0x070c0000)
  to   space 4352K,   0% used [0x06840000, 0x06840000, 0x06c80000)
 tenured generation   total 87424K, used 22032K [0x0f0a0000, 0x14600000, 0x24600000)
   the space 87424K,  25% used [0x0f0a0000, 0x10624218, 0x10624400, 0x14600000)
 Metaspace       used 15637K, capacity 16056K, committed 16128K, reserved 16768K
}
Event: 540409.634 GC heap before
{Heap before GC invocations=50 (full 1):
 def new generation   total 39424K, used 36124K [0x04600000, 0x070c0000, 0x0f0a0000)
  eden space 35072K, 100% used [0x04600000, 0x06840000, 0x06840000)
  from space 4352K,  24% used [0x06c80000, 0x06d87018, 0x070c0000)
  to   space 4352K,   0% used [0x06840000, 0x06840000, 0x06c80000)
 tenured generation   total 87424K, used 22032K [0x0f0a0000, 0x14600000, 0x24600000)
   the space 87424K,  25% used [0x0f0a0000, 0x10624218, 0x10624400, 0x14600000)
 Metaspace       used 15637K, capacity 16056K, committed 16128K, reserved 16768K
Event: 540409.640 GC heap after
Heap after GC invocations=51 (full 1):
 def new generation   total 39424K, used 1042K [0x04600000, 0x070c0000, 0x0f0a0000)
  eden space 35072K,   0% used [0x04600000, 0x04600000, 0x06840000)
  from space 4352K,  23% used [0x06840000, 0x06944af8, 0x06c80000)
  to   space 4352K,   0% used [0x06c80000, 0x06c80000, 0x070c0000)
 tenured generation   total 87424K, used 22032K [0x0f0a0000, 0x14600000, 0x24600000)
   the space 87424K,  25% used [0x0f0a0000, 0x10624218, 0x10624400, 0x14600000)
 Metaspace       used 15637K, capacity 16056K, committed 16128K, reserved 16768K
}
Event: 540688.784 GC heap before
{Heap before GC invocations=51 (full 1):
 def new generation   total 39424K, used 36114K [0x04600000, 0x070c0000, 0x0f0a0000)
  eden space 35072K, 100% used [0x04600000, 0x06840000, 0x06840000)
  from space 4352K,  23% used [0x06840000, 0x06944af8, 0x06c80000)
  to   space 4352K,   0% used [0x06c80000, 0x06c80000, 0x070c0000)
 tenured generation   total 87424K, used 22032K [0x0f0a0000, 0x14600000, 0x24600000)
   the space 87424K,  25% used [0x0f0a0000, 0x10624218, 0x10624400, 0x14600000)
 Metaspace       used 15644K, capacity 16056K, committed 16128K, reserved 16768K
Event: 540688.964 GC heap after
Heap after GC invocations=52 (full 1):
 def new generation   total 39424K, used 2008K [0x04600000, 0x070c0000, 0x0f0a0000)
  eden space 35072K,   0% used [0x04600000, 0x04600000, 0x06840000)
  from space 4352K,  46% used [0x06c80000, 0x06e76048, 0x070c0000)
  to   space 4352K,   0% used [0x06840000, 0x06840000, 0x06c80000)
 tenured generation   total 87424K, used 22032K [0x0f0a0000, 0x14600000, 0x24600000)
   the space 87424K,  25% used [0x0f0a0000, 0x10624218, 0x10624400, 0x14600000)
 Metaspace       used 15644K, capacity 16056K, committed 16128K, reserved 16768K
}
Event: 541053.813 GC heap before
{Heap before GC invocations=52 (full 1):
 def new generation   total 39424K, used 37080K [0x04600000, 0x070c0000, 0x0f0a0000)
  eden space 35072K, 100% used [0x04600000, 0x06840000, 0x06840000)
  from space 4352K,  46% used [0x06c80000, 0x06e76048, 0x070c0000)
  to   space 4352K,   0% used [0x06840000, 0x06840000, 0x06c80000)
 tenured generation   total 87424K, used 22032K [0x0f0a0000, 0x14600000, 0x24600000)
   the space 87424K,  25% used [0x0f0a0000, 0x10624218, 0x10624400, 0x14600000)
 Metaspace       used 15644K, capacity 16056K, committed 16128K, reserved 16768K
Event: 541053.821 GC heap after
Heap after GC invocations=53 (full 1):
 def new generation   total 39424K, used 1161K [0x04600000, 0x070c0000, 0x0f0a0000)
  eden space 35072K,   0% used [0x04600000, 0x04600000, 0x06840000)
  from space 4352K,  26% used [0x06840000, 0x06962460, 0x06c80000)
  to   space 4352K,   0% used [0x06c80000, 0x06c80000, 0x070c0000)
 tenured generation   total 87424K, used 22032K [0x0f0a0000, 0x14600000, 0x24600000)
   the space 87424K,  25% used [0x0f0a0000, 0x10624218, 0x10624400, 0x14600000)
 Metaspace       used 15644K, capacity 16056K, committed 16128K, reserved 16768K
}
Event: 541243.801 GC heap before
{Heap before GC invocations=53 (full 1):
 def new generation   total 39424K, used 36233K [0x04600000, 0x070c0000, 0x0f0a0000)
  eden space 35072K, 100% used [0x04600000, 0x06840000, 0x06840000)
  from space 4352K,  26% used [0x06840000, 0x06962460, 0x06c80000)
  to   space 4352K,   0% used [0x06c80000, 0x06c80000, 0x070c0000)
 tenured generation   total 87424K, used 22032K [0x0f0a0000, 0x14600000, 0x24600000)
   the space 87424K,  25% used [0x0f0a0000, 0x10624218, 0x10624400, 0x14600000)
 Metaspace       used 15647K, capacity 16059K, committed 16128K, reserved 16768K
Event: 541243.814 GC heap after
Heap after GC invocations=54 (full 1):
 def new generation   total 39424K, used 1602K [0x04600000, 0x070c0000, 0x0f0a0000)
  eden space 35072K,   0% used [0x04600000, 0x04600000, 0x06840000)
  from space 4352K,  36% used [0x06c80000, 0x06e10b60, 0x070c0000)
  to   space 4352K,   0% used [0x06840000, 0x06840000, 0x06c80000)
 tenured generation   total 87424K, used 22077K [0x0f0a0000, 0x14600000, 0x24600000)
   the space 87424K,  25% used [0x0f0a0000, 0x1062f6f0, 0x1062f800, 0x14600000)
 Metaspace       used 15647K, capacity 16059K, committed 16128K, reserved 16768K
}

